<?xml version="1.0" encoding="UTF-8"?>
<!-- Generated by org.testng.reporters.JUnitReportReporter -->
<testsuite name="com.SePractice.TestNGTest" tests="1" time="0.011" ignored="0" failures="0" timestamp="15 Dec 2017 07:48:23 GMT" skipped="0" hostname="BDC4-L-CZMLTF2" errors="0">
  <testcase name="A" time="0.011" classname="com.SePractice.TestNGTest"/>
</testsuite> <!-- com.SePractice.TestNGTest -->
