<?xml version="1.0" encoding="UTF-8"?>
<!-- Generated by org.testng.reporters.JUnitReportReporter -->
<testsuite name="automationFramework.TestNG_Framework" tests="1" time="22.314" ignored="0" failures="0" timestamp="20 Dec 2017 20:05:32 GMT" skipped="0" hostname="BDC4-L-CZMLTF2" errors="0">
  <testcase name="main" time="22.314" classname="automationFramework.TestNG_Framework"/>
</testsuite> <!-- automationFramework.TestNG_Framework -->
